<?xml version="1.0" ?>
<coverage lines-valid="755" lines-covered="588" line-rate="0.778808">
  <sources>
    <source>.</source>
  </sources>
  <packages>
    <package name="." line-rate="0.778808">
      <classes>
        <class name="src\main.mbt" filename="src\main.mbt" line-rate="0.621302">
          <lines>
            <line number="9" hits="200006"/>
            <line number="12" hits="200006"/>
            <line number="13" hits="200006"/>
            <line number="16" hits="200006"/>
            <line number="18" hits="200006"/>
            <line number="19" hits="200006"/>
            <line number="21" hits="200006"/>
            <line number="23" hits="0"/>
            <line number="25" hits="0"/>
            <line number="26" hits="0"/>
            <line number="29" hits="200006"/>
            <line number="34" hits="200006"/>
            <line number="37" hits="200006"/>
            <line number="40" hits="200006"/>
            <line number="42" hits="200006"/>
            <line number="43" hits="200006"/>
            <line number="44" hits="200006"/>
            <line number="45" hits="200006"/>
            <line number="47" hits="0"/>
            <line number="48" hits="0"/>
            <line number="49" hits="0"/>
            <line number="50" hits="0"/>
            <line number="53" hits="200006"/>
            <line number="58" hits="200006"/>
            <line number="60" hits="200006"/>
            <line number="62" hits="200006"/>
            <line number="64" hits="200006"/>
            <line number="65" hits="200006"/>
            <line number="66" hits="200006"/>
            <line number="67" hits="200006"/>
            <line number="69" hits="0"/>
            <line number="70" hits="0"/>
            <line number="71" hits="0"/>
            <line number="72" hits="0"/>
            <line number="75" hits="200006"/>
            <line number="80" hits="200006"/>
            <line number="82" hits="200006"/>
            <line number="87" hits="200006"/>
            <line number="89" hits="200006"/>
            <line number="90" hits="200006"/>
            <line number="91" hits="200006"/>
            <line number="92" hits="200006"/>
            <line number="93" hits="200006"/>
            <line number="94" hits="200006"/>
            <line number="95" hits="200006"/>
            <line number="97" hits="0"/>
            <line number="98" hits="0"/>
            <line number="102" hits="0"/>
            <line number="103" hits="0"/>
            <line number="104" hits="0"/>
            <line number="105" hits="0"/>
            <line number="108" hits="200006"/>
            <line number="113" hits="200006"/>
            <line number="115" hits="200006"/>
            <line number="120" hits="200006"/>
            <line number="122" hits="200006"/>
            <line number="123" hits="200006"/>
            <line number="124" hits="200006"/>
            <line number="125" hits="200006"/>
            <line number="127" hits="0"/>
            <line number="128" hits="0"/>
            <line number="129" hits="0"/>
            <line number="130" hits="0"/>
            <line number="133" hits="200006"/>
            <line number="138" hits="200006"/>
            <line number="140" hits="200006"/>
            <line number="144" hits="200006"/>
            <line number="145" hits="200006"/>
            <line number="146" hits="200006"/>
            <line number="147" hits="200006"/>
            <line number="150" hits="200006"/>
            <line number="152" hits="200006"/>
            <line number="153" hits="200006"/>
            <line number="154" hits="200006"/>
            <line number="157" hits="200006"/>
            <line number="158" hits="200006"/>
            <line number="159" hits="200006"/>
            <line number="161" hits="200006"/>
            <line number="163" hits="0"/>
            <line number="164" hits="0"/>
            <line number="169" hits="0"/>
            <line number="170" hits="0"/>
            <line number="171" hits="0"/>
            <line number="172" hits="0"/>
            <line number="175" hits="200006"/>
            <line number="180" hits="2"/>
            <line number="181" hits="2"/>
            <line number="182" hits="2"/>
            <line number="185" hits="2"/>
            <line number="188" hits="2"/>
            <line number="189" hits="2"/>
            <line number="190" hits="2"/>
            <line number="191" hits="2"/>
            <line number="192" hits="2"/>
            <line number="194" hits="2"/>
            <line number="199" hits="2"/>
            <line number="200" hits="2"/>
            <line number="201" hits="2"/>
            <line number="204" hits="2"/>
            <line number="207" hits="2"/>
            <line number="208" hits="2"/>
            <line number="209" hits="2"/>
            <line number="212" hits="2"/>
            <line number="213" hits="2"/>
            <line number="214" hits="2"/>
            <line number="215" hits="2"/>
            <line number="216" hits="2"/>
            <line number="218" hits="2"/>
            <line number="219" hits="2"/>
            <line number="220" hits="2"/>
            <line number="221" hits="2"/>
            <line number="222" hits="2"/>
            <line number="223" hits="2"/>
            <line number="224" hits="2"/>
            <line number="225" hits="2"/>
            <line number="226" hits="2"/>
            <line number="227" hits="2"/>
            <line number="228" hits="2"/>
            <line number="229" hits="2"/>
            <line number="230" hits="2"/>
            <line number="231" hits="2"/>
            <line number="232" hits="2"/>
            <line number="233" hits="2"/>
            <line number="234" hits="2"/>
            <line number="235" hits="2"/>
            <line number="236" hits="2"/>
            <line number="237" hits="2"/>
            <line number="238" hits="2"/>
            <line number="239" hits="2"/>
            <line number="240" hits="2"/>
            <line number="241" hits="2"/>
            <line number="242" hits="2"/>
            <line number="247" hits="0"/>
            <line number="248" hits="0"/>
            <line number="249" hits="0"/>
            <line number="252" hits="0"/>
            <line number="255" hits="0"/>
            <line number="256" hits="0"/>
            <line number="257" hits="0"/>
            <line number="260" hits="0"/>
            <line number="261" hits="0"/>
            <line number="262" hits="0"/>
            <line number="263" hits="0"/>
            <line number="264" hits="0"/>
            <line number="266" hits="0"/>
            <line number="267" hits="0"/>
            <line number="268" hits="0"/>
            <line number="269" hits="0"/>
            <line number="270" hits="0"/>
            <line number="271" hits="0"/>
            <line number="272" hits="0"/>
            <line number="273" hits="0"/>
            <line number="274" hits="0"/>
            <line number="275" hits="0"/>
            <line number="276" hits="0"/>
            <line number="277" hits="0"/>
            <line number="278" hits="0"/>
            <line number="279" hits="0"/>
            <line number="280" hits="0"/>
            <line number="281" hits="0"/>
            <line number="282" hits="0"/>
            <line number="283" hits="0"/>
            <line number="284" hits="0"/>
            <line number="285" hits="0"/>
            <line number="286" hits="0"/>
            <line number="287" hits="0"/>
            <line number="288" hits="0"/>
            <line number="289" hits="0"/>
            <line number="290" hits="0"/>
          </lines>
        </class>
        <class name="src\examples.mbt" filename="src\examples.mbt" line-rate="0.508197">
          <lines>
            <line number="9" hits="200002"/>
            <line number="10" hits="200002"/>
            <line number="15" hits="0"/>
            <line number="16" hits="0"/>
            <line number="23" hits="200002"/>
            <line number="26" hits="200002"/>
            <line number="28" hits="200002"/>
            <line number="33" hits="200002"/>
            <line number="36" hits="200002"/>
            <line number="39" hits="200002"/>
            <line number="40" hits="200002"/>
            <line number="42" hits="200002"/>
            <line number="43" hits="200002"/>
            <line number="45" hits="200002"/>
            <line number="46" hits="200002"/>
            <line number="47" hits="0"/>
            <line number="48" hits="200002"/>
            <line number="51" hits="0"/>
            <line number="55" hits="0"/>
            <line number="56" hits="0"/>
            <line number="64" hits="200000"/>
            <line number="65" hits="200000"/>
            <line number="66" hits="200000"/>
            <line number="76" hits="200000"/>
            <line number="82" hits="0"/>
            <line number="92" hits="200002"/>
            <line number="93" hits="200002"/>
            <line number="100" hits="200002"/>
            <line number="102" hits="200002"/>
            <line number="107" hits="200002"/>
            <line number="108" hits="200002"/>
            <line number="110" hits="200002"/>
            <line number="115" hits="200002"/>
            <line number="116" hits="200002"/>
            <line number="117" hits="200002"/>
            <line number="119" hits="200002"/>
            <line number="126" hits="200002"/>
            <line number="128" hits="200002"/>
            <line number="136" hits="0"/>
            <line number="149" hits="0"/>
            <line number="152" hits="0"/>
            <line number="155" hits="0"/>
            <line number="156" hits="0"/>
            <line number="160" hits="0"/>
            <line number="162" hits="0"/>
            <line number="163" hits="0"/>
            <line number="172" hits="0"/>
            <line number="173" hits="0"/>
            <line number="174" hits="0"/>
            <line number="183" hits="0"/>
            <line number="184" hits="0"/>
            <line number="186" hits="0"/>
            <line number="187" hits="0"/>
            <line number="188" hits="0"/>
            <line number="190" hits="0"/>
            <line number="199" hits="0"/>
            <line number="203" hits="0"/>
            <line number="206" hits="0"/>
            <line number="207" hits="0"/>
            <line number="209" hits="0"/>
            <line number="211" hits="0"/>
          </lines>
        </class>
        <class name="src\real_network.mbt" filename="src\real_network.mbt" line-rate="0.937500">
          <lines>
            <line number="20" hits="400010"/>
            <line number="22" hits="400000"/>
            <line number="28" hits="10"/>
            <line number="34" hits="200004"/>
            <line number="39" hits="200002"/>
            <line number="43" hits="200002"/>
            <line number="48" hits="200008"/>
            <line number="49" hits="200000"/>
            <line number="53" hits="200000"/>
            <line number="57" hits="8"/>
            <line number="60" hits="8"/>
            <line number="64" hits="0"/>
            <line number="71" hits="6"/>
            <line number="83" hits="200006"/>
            <line number="85" hits="20000"/>
            <line number="90" hits="960010000"/>
          </lines>
        </class>
        <class name="src\openai.mbt" filename="src\openai.mbt" line-rate="0.840708">
          <lines>
            <line number="55" hits="3000076"/>
            <line number="56" hits="3000076"/>
            <line number="69" hits="6"/>
            <line number="70" hits="6"/>
            <line number="76" hits="4000102"/>
            <line number="81" hits="4000090"/>
            <line number="86" hits="600014"/>
            <line number="91" hits="200008"/>
            <line number="96" hits="1000024"/>
            <line number="101" hits="2"/>
            <line number="110" hits="1600040"/>
            <line number="114" hits="1600040"/>
            <line number="117" hits="4"/>
            <line number="121" hits="1600040"/>
            <line number="123" hits="1600040"/>
            <line number="124" hits="1600036"/>
            <line number="126" hits="0"/>
            <line number="128" hits="1600036"/>
            <line number="130" hits="4"/>
            <line number="140" hits="1600040"/>
            <line number="141" hits="1600040"/>
            <line number="147" hits="3600094"/>
            <line number="151" hits="4600124"/>
            <line number="152" hits="4600124"/>
            <line number="153" hits="0"/>
            <line number="154" hits="4600124"/>
            <line number="157" hits="3600094"/>
            <line number="159" hits="1000030"/>
            <line number="161" hits="4600124"/>
            <line number="162" hits="4600124"/>
            <line number="173" hits="1600036"/>
            <line number="177" hits="1600036"/>
            <line number="178" hits="1600036"/>
            <line number="180" hits="1600036"/>
            <line number="181" hits="1600036"/>
            <line number="182" hits="0"/>
            <line number="187" hits="0"/>
            <line number="193" hits="0"/>
            <line number="201" hits="1600036"/>
            <line number="203" hits="1600036"/>
            <line number="204" hits="1600036"/>
            <line number="205" hits="1600036"/>
            <line number="206" hits="1600036"/>
            <line number="209" hits="1600036"/>
            <line number="212" hits="1600036"/>
            <line number="224" hits="0"/>
            <line number="231" hits="1600036"/>
            <line number="232" hits="1600036"/>
            <line number="238" hits="1600036"/>
            <line number="239" hits="1600036"/>
            <line number="240" hits="1600036"/>
            <line number="242" hits="1600036"/>
            <line number="249" hits="1600036"/>
            <line number="250" hits="1600036"/>
            <line number="251" hits="1600036"/>
            <line number="252" hits="0"/>
            <line number="253" hits="1600036"/>
            <line number="254" hits="1600036"/>
            <line number="255" hits="1600036"/>
            <line number="256" hits="1600036"/>
            <line number="257" hits="0"/>
            <line number="258" hits="1600036"/>
            <line number="259" hits="1600036"/>
            <line number="261" hits="1600036"/>
            <line number="263" hits="0"/>
            <line number="273" hits="4800108"/>
            <line number="274" hits="4800108"/>
            <line number="275" hits="4800108"/>
            <line number="276" hits="0"/>
            <line number="277" hits="4800108"/>
            <line number="278" hits="4800108"/>
            <line number="279" hits="4800108"/>
            <line number="280" hits="4800108"/>
            <line number="281" hits="1600036"/>
            <line number="283" hits="1600036"/>
            <line number="284" hits="1600036"/>
            <line number="285" hits="0"/>
            <line number="286" hits="1600036"/>
            <line number="287" hits="1600036"/>
            <line number="292" hits="3200072"/>
            <line number="293" hits="3200072"/>
            <line number="305" hits="8000180"/>
            <line number="306" hits="8000180"/>
            <line number="310" hits="129602916"/>
            <line number="313" hits="129602916"/>
            <line number="314" hits="129602916"/>
            <line number="315" hits="129602916"/>
            <line number="316" hits="129602916"/>
            <line number="318" hits="123202772"/>
            <line number="322" hits="0"/>
            <line number="330" hits="6400144"/>
            <line number="345" hits="600016"/>
            <line number="349" hits="600016"/>
            <line number="352" hits="2"/>
            <line number="356" hits="600016"/>
            <line number="358" hits="600016"/>
            <line number="359" hits="600014"/>
            <line number="361" hits="0"/>
            <line number="363" hits="600014"/>
            <line number="365" hits="2"/>
            <line number="374" hits="600016"/>
            <line number="375" hits="600016"/>
            <line number="381" hits="600014"/>
            <line number="385" hits="600014"/>
            <line number="386" hits="600014"/>
            <line number="388" hits="600014"/>
            <line number="399" hits="0"/>
            <line number="404" hits="0"/>
            <line number="416" hits="800022"/>
            <line number="420" hits="800022"/>
            <line number="423" hits="4"/>
            <line number="427" hits="800022"/>
            <line number="429" hits="800022"/>
            <line number="430" hits="800018"/>
            <line number="432" hits="0"/>
            <line number="434" hits="800018"/>
            <line number="436" hits="4"/>
            <line number="445" hits="800022"/>
            <line number="446" hits="800022"/>
            <line number="447" hits="800022"/>
            <line number="453" hits="800022"/>
            <line number="457" hits="1600030"/>
            <line number="458" hits="1600030"/>
            <line number="459" hits="0"/>
            <line number="460" hits="1600030"/>
            <line number="462" hits="800022"/>
            <line number="464" hits="800008"/>
            <line number="466" hits="1600030"/>
            <line number="477" hits="800018"/>
            <line number="481" hits="800018"/>
            <line number="482" hits="800018"/>
            <line number="484" hits="800018"/>
            <line number="485" hits="800018"/>
            <line number="496" hits="0"/>
            <line number="501" hits="0"/>
            <line number="513" hits="600016"/>
            <line number="517" hits="600016"/>
            <line number="520" hits="2"/>
            <line number="524" hits="600016"/>
            <line number="526" hits="600016"/>
            <line number="527" hits="600014"/>
            <line number="529" hits="0"/>
            <line number="531" hits="600014"/>
            <line number="533" hits="2"/>
            <line number="542" hits="600016"/>
            <line number="544" hits="600016"/>
            <line number="545" hits="600016"/>
            <line number="552" hits="600014"/>
            <line number="556" hits="600014"/>
            <line number="557" hits="600014"/>
            <line number="560" hits="600014"/>
            <line number="571" hits="0"/>
            <line number="576" hits="0"/>
            <line number="583" hits="800020"/>
            <line number="584" hits="800020"/>
            <line number="586" hits="800020"/>
            <line number="587" hits="800018"/>
            <line number="589" hits="800018"/>
            <line number="590" hits="800018"/>
            <line number="591" hits="0"/>
            <line number="592" hits="800018"/>
            <line number="595" hits="0"/>
            <line number="598" hits="2"/>
            <line number="604" hits="600016"/>
            <line number="605" hits="600016"/>
            <line number="607" hits="600016"/>
            <line number="608" hits="600014"/>
            <line number="613" hits="600014"/>
            <line number="614" hits="600014"/>
            <line number="615" hits="0"/>
            <line number="616" hits="600014"/>
            <line number="618" hits="600014"/>
            <line number="619" hits="600014"/>
            <line number="620" hits="0"/>
            <line number="621" hits="600014"/>
            <line number="622" hits="600014"/>
            <line number="623" hits="0"/>
            <line number="624" hits="600014"/>
            <line number="637" hits="0"/>
            <line number="639" hits="600014"/>
            <line number="642" hits="2"/>
            <line number="648" hits="600016"/>
            <line number="649" hits="600016"/>
            <line number="651" hits="600016"/>
            <line number="652" hits="600014"/>
            <line number="654" hits="600014"/>
            <line number="655" hits="600014"/>
            <line number="656" hits="0"/>
            <line number="657" hits="600014"/>
            <line number="660" hits="0"/>
            <line number="663" hits="2"/>
            <line number="669" hits="600016"/>
            <line number="670" hits="600016"/>
            <line number="672" hits="600016"/>
            <line number="673" hits="600014"/>
            <line number="675" hits="600014"/>
            <line number="676" hits="600014"/>
            <line number="677" hits="0"/>
            <line number="678" hits="600014"/>
            <line number="681" hits="0"/>
            <line number="684" hits="2"/>
            <line number="694" hits="200006"/>
            <line number="696" hits="200006"/>
            <line number="697" hits="200004"/>
            <line number="699" hits="200004"/>
            <line number="700" hits="200004"/>
            <line number="701" hits="0"/>
            <line number="702" hits="200004"/>
            <line number="708" hits="0"/>
            <line number="711" hits="2"/>
            <line number="722" hits="200006"/>
            <line number="724" hits="200006"/>
            <line number="726" hits="200006"/>
            <line number="727" hits="200004"/>
            <line number="729" hits="200004"/>
            <line number="730" hits="200004"/>
            <line number="731" hits="0"/>
            <line number="732" hits="200004"/>
            <line number="735" hits="0"/>
            <line number="738" hits="2"/>
            <line number="744" hits="200018"/>
            <line number="749" hits="200028"/>
            <line number="750" hits="200028"/>
            <line number="755" hits="2"/>
            <line number="762" hits="2"/>
            <line number="765" hits="2"/>
          </lines>
        </class>
        <class name="src\utils.mbt" filename="src\utils.mbt" line-rate="0.872792">
          <lines>
            <line number="7" hits="15200402"/>
            <line number="10" hits="184895396"/>
            <line number="11" hits="184895396"/>
            <line number="12" hits="0"/>
            <line number="13" hits="184895396"/>
            <line number="15" hits="12"/>
            <line number="16" hits="184895384"/>
            <line number="17" hits="8"/>
            <line number="18" hits="184895376"/>
            <line number="19" hits="0"/>
            <line number="20" hits="184895376"/>
            <line number="21" hits="0"/>
            <line number="22" hits="184895376"/>
            <line number="23" hits="8"/>
            <line number="24" hits="184895368"/>
            <line number="25" hits="0"/>
            <line number="26" hits="184895368"/>
            <line number="27" hits="8"/>
            <line number="29" hits="184895360"/>
            <line number="42" hits="3800092"/>
            <line number="43" hits="3800086"/>
            <line number="44" hits="6"/>
            <line number="45" hits="2"/>
            <line number="47" hits="4"/>
            <line number="53" hits="10400286"/>
            <line number="59" hits="10400286"/>
            <line number="60" hits="10400286"/>
            <line number="61" hits="10400286"/>
            <line number="63" hits="8"/>
            <line number="67" hits="0"/>
            <line number="72" hits="36378666"/>
            <line number="73" hits="36378666"/>
            <line number="74" hits="0"/>
            <line number="75" hits="36378666"/>
            <line number="77" hits="36378634"/>
            <line number="80" hits="32"/>
            <line number="88" hits="8"/>
            <line number="90" hits="10400278"/>
            <line number="96" hits="200024"/>
            <line number="97" hits="6"/>
            <line number="99" hits="200018"/>
            <line number="100" hits="10"/>
            <line number="103" hits="977826"/>
            <line number="105" hits="977826"/>
            <line number="110" hits="10"/>
            <line number="112" hits="200008"/>
            <line number="119" hits="4800110"/>
            <line number="120" hits="4800110"/>
            <line number="122" hits="4800110"/>
            <line number="123" hits="2"/>
            <line number="124" hits="4800108"/>
            <line number="125" hits="4800108"/>
            <line number="126" hits="4800108"/>
            <line number="127" hits="4800108"/>
            <line number="135" hits="15000390"/>
            <line number="137" hits="1796240950"/>
            <line number="140" hits="2180249592"/>
            <line number="141" hits="2180249592"/>
            <line number="142" hits="2180249592"/>
            <line number="143" hits="2180249592"/>
            <line number="145" hits="1781240578"/>
            <line number="149" hits="0"/>
            <line number="157" hits="15000372"/>
            <line number="166" hits="4800108"/>
            <line number="173" hits="56001260"/>
            <line number="174" hits="56001260"/>
            <line number="175" hits="0"/>
            <line number="176" hits="56001260"/>
            <line number="178" hits="0"/>
            <line number="179" hits="56001260"/>
            <line number="180" hits="6400144"/>
            <line number="181" hits="49601116"/>
            <line number="182" hits="0"/>
            <line number="183" hits="49601116"/>
            <line number="184" hits="20800468"/>
            <line number="185" hits="0"/>
            <line number="186" hits="20800468"/>
            <line number="187" hits="0"/>
            <line number="188" hits="20800468"/>
            <line number="189" hits="0"/>
            <line number="190" hits="20800468"/>
            <line number="191" hits="0"/>
            <line number="192" hits="20800468"/>
            <line number="193" hits="4800108"/>
            <line number="205" hits="11200252"/>
            <line number="208" hits="168003780"/>
            <line number="209" hits="168003780"/>
            <line number="210" hits="0"/>
            <line number="211" hits="168003780"/>
            <line number="220" hits="15200528"/>
            <line number="223" hits="455614280"/>
            <line number="224" hits="455614280"/>
            <line number="225" hits="0"/>
            <line number="226" hits="455614280"/>
            <line number="235" hits="15200528"/>
            <line number="241" hits="34600814"/>
            <line number="242" hits="1800042"/>
            <line number="243" hits="6400144"/>
            <line number="244" hits="766690246"/>
            <line number="245" hits="766690246"/>
            <line number="246" hits="200002"/>
            <line number="247" hits="766490244"/>
            <line number="248" hits="600018"/>
            <line number="249" hits="765890226"/>
            <line number="250" hits="765890226"/>
            <line number="251" hits="765890226"/>
            <line number="252" hits="200006"/>
            <line number="253" hits="600006"/>
            <line number="254" hits="8000208"/>
            <line number="255" hits="25000800"/>
            <line number="256" hits="44801384"/>
            <line number="257" hits="866696"/>
            <line number="258" hits="22400642"/>
            <line number="259" hits="9600204"/>
            <line number="260" hits="2600044"/>
            <line number="261" hits="5600130"/>
            <line number="262" hits="2800050"/>
            <line number="263" hits="4000076"/>
            <line number="264" hits="3800072"/>
            <line number="265" hits="3800072"/>
            <line number="266" hits="2200048"/>
            <line number="267" hits="600074"/>
            <line number="268" hits="629019714"/>
            <line number="269" hits="629019714"/>
            <line number="270" hits="629019714"/>
            <line number="271" hits="629019714"/>
            <line number="272" hits="1000026"/>
            <line number="273" hits="628019688"/>
            <line number="274" hits="628019688"/>
            <line number="275" hits="800014"/>
            <line number="276" hits="200004"/>
            <line number="277" hits="627019670"/>
            <line number="278" hits="600010"/>
            <line number="279" hits="626419660"/>
            <line number="280" hits="200012"/>
            <line number="281" hits="2800068"/>
            <line number="282" hits="400008"/>
            <line number="283" hits="400010"/>
            <line number="284" hits="622619562"/>
            <line number="285" hits="622619562"/>
            <line number="286" hits="622619562"/>
            <line number="287" hits="200006"/>
            <line number="288" hits="622419556"/>
            <line number="289" hits="622419556"/>
            <line number="290" hits="622419556"/>
            <line number="291" hits="622419556"/>
            <line number="292" hits="400014"/>
            <line number="293" hits="2200054"/>
            <line number="294" hits="619819488"/>
            <line number="295" hits="619819488"/>
            <line number="296" hits="800026"/>
            <line number="297" hits="619019462"/>
            <line number="298" hits="600018"/>
            <line number="299" hits="618419444"/>
            <line number="300" hits="618419444"/>
            <line number="301" hits="618419444"/>
            <line number="302" hits="618419444"/>
            <line number="303" hits="618419444"/>
            <line number="304" hits="1000024"/>
            <line number="305" hits="617419420"/>
            <line number="306" hits="53403542"/>
            <line number="307" hits="1400032"/>
            <line number="308" hits="45001282"/>
            <line number="309" hits="2200102"/>
            <line number="310" hits="59001564"/>
            <line number="311" hits="2600098"/>
            <line number="312" hits="8000220"/>
            <line number="313" hits="24400636"/>
            <line number="314" hits="50601542"/>
            <line number="315" hits="1400030"/>
            <line number="316" hits="2600062"/>
            <line number="317" hits="29200812"/>
            <line number="318" hits="37201040"/>
            <line number="319" hits="38601090"/>
            <line number="320" hits="73402106"/>
            <line number="321" hits="49001430"/>
            <line number="322" hits="400004"/>
            <line number="323" hits="15600420"/>
            <line number="324" hits="34000970"/>
            <line number="325" hits="58801536"/>
            <line number="326" hits="7800180"/>
            <line number="327" hits="15600528"/>
            <line number="328" hits="4000106"/>
            <line number="329" hits="600010"/>
            <line number="330" hits="2400066"/>
            <line number="331" hits="200012"/>
            <line number="332" hits="200012"/>
            <line number="333" hits="200012"/>
            <line number="334" hits="200012"/>
            <line number="335" hits="200012"/>
            <line number="336" hits="200012"/>
            <line number="347" hits="3600094"/>
            <line number="355" hits="3600094"/>
            <line number="358" hits="3600094"/>
            <line number="363" hits="4200114"/>
            <line number="369" hits="4000128"/>
            <line number="393" hits="3800136"/>
            <line number="394" hits="3800136"/>
            <line number="395" hits="0"/>
            <line number="399" hits="3800136"/>
            <line number="402" hits="3800136"/>
            <line number="403" hits="3800092"/>
            <line number="404" hits="3800092"/>
            <line number="406" hits="44"/>
            <line number="414" hits="7600272"/>
            <line number="415" hits="7600256"/>
            <line number="416" hits="7600256"/>
            <line number="418" hits="32"/>
            <line number="419" hits="32"/>
            <line number="420" hits="32"/>
            <line number="421" hits="32"/>
            <line number="424" hits="7600224"/>
            <line number="425" hits="7600224"/>
            <line number="426" hits="7600224"/>
            <line number="428" hits="16"/>
            <line number="429" hits="16"/>
            <line number="430" hits="16"/>
            <line number="432" hits="0"/>
            <line number="433" hits="0"/>
            <line number="434" hits="0"/>
            <line number="435" hits="0"/>
            <line number="438" hits="16"/>
            <line number="439" hits="16"/>
            <line number="440" hits="16"/>
            <line number="443" hits="0"/>
            <line number="449" hits="3800136"/>
            <line number="450" hits="3800136"/>
            <line number="451" hits="0"/>
            <line number="454" hits="3800128"/>
            <line number="455" hits="3800128"/>
            <line number="456" hits="3800128"/>
            <line number="457" hits="8"/>
            <line number="458" hits="3800120"/>
            <line number="460" hits="8"/>
            <line number="461" hits="8"/>
            <line number="462" hits="8"/>
            <line number="463" hits="8"/>
            <line number="464" hits="8"/>
            <line number="465" hits="0"/>
            <line number="468" hits="0"/>
            <line number="476" hits="7200188"/>
            <line number="481" hits="3600130"/>
            <line number="490" hits="3800092"/>
            <line number="492" hits="0"/>
            <line number="496" hits="3800092"/>
            <line number="497" hits="3800092"/>
            <line number="499" hits="0"/>
            <line number="502" hits="3800092"/>
            <line number="503" hits="3800092"/>
            <line number="511" hits="11400276"/>
            <line number="513" hits="3800092"/>
            <line number="516" hits="7600184"/>
            <line number="524" hits="3800092"/>
            <line number="526" hits="3800092"/>
            <line number="528" hits="0"/>
            <line number="548" hits="3800136"/>
            <line number="550" hits="3800136000"/>
            <line number="556" hits="3800104"/>
            <line number="557" hits="12"/>
            <line number="560" hits="3800092"/>
            <line number="564" hits="32"/>
            <line number="571" hits="24"/>
            <line number="573" hits="24"/>
            <line number="578" hits="40000"/>
            <line number="585" hits="3800112"/>
            <line number="589" hits="8"/>
            <line number="594" hits="3800136"/>
            <line number="595" hits="3800092"/>
            <line number="599" hits="3800092"/>
            <line number="603" hits="44"/>
            <line number="606" hits="32"/>
            <line number="610" hits="12"/>
            <line number="617" hits="24"/>
            <line number="628" hits="3200088"/>
            <line number="638" hits="10"/>
            <line number="643" hits="0"/>
            <line number="653" hits="0"/>
            <line number="654" hits="0"/>
            <line number="655" hits="0"/>
            <line number="656" hits="0"/>
            <line number="658" hits="0"/>
            <line number="664" hits="0"/>
            <line number="670" hits="0"/>
          </lines>
        </class>
      </classes>
    </package>
  </packages>
</coverage>